make: Nothing to be done for 'all'.
mpiexec -n 4 ./test

Process 0 is on gpunode005
0:[-1.0]0:[-1.0]0:[-1.0]0:[-1.0]0:[-1.0]0:[-1.0]0:[-1.0]0:[-1.0]
0:[0.0]0:[0.0]0:[0.0]0:[0.0]0:[0.0]0:[0.0]0:[0.0]0:[0.0]
0:[0.0]0:[0.0]0:[0.0]0:[0.0]0:[0.0]0:[0.0]0:[0.0]0:[0.0]
0:[1.0]0:[1.0]0:[1.0]0:[1.0]0:[1.0]0:[1.0]0:[1.0]0:[1.0]

Process 1 is on gpunode007
1:[0.0]1:[0.0]1:[0.0]1:[0.0]1:[0.0]1:[0.0]1:[0.0]1:[0.0]
1:[1.0]1:[1.0]1:[1.0]1:[1.0]1:[1.0]1:[1.0]1:[1.0]1:[1.0]
1:[1.0]1:[1.0]1:[1.0]1:[1.0]1:[1.0]1:[1.0]1:[1.0]1:[1.0]
1:[2.0]1:[2.0]1:[2.0]1:[2.0]1:[2.0]1:[2.0]1:[2.0]1:[2.0]

Process 2 is on gpunode009
2:[1.0]2:[1.0]2:[1.0]2:[1.0]2:[1.0]2:[1.0]2:[1.0]2:[1.0]
2:[2.0]2:[2.0]2:[2.0]2:[2.0]2:[2.0]2:[2.0]2:[2.0]2:[2.0]

Process 3 is on gpunode012
3:[2.0]3:[2.0]3:[2.0]3:[2.0]3:[2.0]3:[2.0]3:[2.0]3:[2.0]
3:[3.0]3:[3.0]3:[3.0]3:[3.0]3:[3.0]3:[3.0]3:[3.0]3:[3.0]
2:[2.0]2:[2.0]2:[2.0]2:[2.0]2:[2.0]2:[2.0]2:[2.0]2:[2.0]
2:[3.0]2:[3.0]2:[3.0]2:[3.0]2:[3.0]2:[3.0]2:[3.0]2:[3.0]
3:[3.0]3:[3.0]3:[3.0]3:[3.0]3:[3.0]3:[3.0]3:[3.0]3:[3.0]
3:[-1.0]3:[-1.0]3:[-1.0]3:[-1.0]3:[-1.0]3:[-1.0]3:[-1.0]3:[-1.0]